

testing polynomial with horner's method and barycentric interpolation

using python 3.11.13 (main, Jun 09 2025, 21:55:43) [GCC] on linux
seed is 6920868432142831623

 ---------------  testing polynomial degree 3
polynomial is  -0.37427199 + 0.06813423·x - 0.00165073·x² + (9.15518156e-06)·x³
polynomial cooefficients are
array([-3.742719899856525e-01,  6.813422518497324e-02,
       -1.650730737047251e-03,  9.155181559971950e-06])
Cannot install event loop hook for "qt5" when running with `--simple-prompt`.
NOTE: Tk is supported natively; use Tk apps and Tk backends with `--simple-prompt`.

rms error for horner is 1.55e-14, max error is 7.39e-13
rms error for evaluate is 1.43e-14, max error is 5.26e-13


 ---------------  testing polynomial degree 4
polynomial is  0.98458957 - 0.19866766·x + 0.00774207·x² - 0.00010096·x³ +
(4.2858724e-07)·x⁴
polynomial cooefficients are
array([ 9.8458957084425613e-01, -1.9866766321542326e-01,
        7.7420669160967156e-03, -1.0096202501450956e-04,
        4.2858724000740613e-07])

rms error for horner is 4.90e-13, max error is 2.68e-11
rms error for evaluate is 2.27e-14, max error is 1.23e-12


 ---------------  testing polynomial degree 5
polynomial is  0.04324609 - 0.10702634·x + 0.00909198·x² - 0.00029191·x³ +
(3.70496666e-06)·x⁴ - (1.59151158e-08)·x⁵
polynomial cooefficients are
array([ 4.3246093908472533e-02, -1.0702634132509620e-01,
        9.0919820670721067e-03, -2.9191008951231400e-04,
        3.7049666634960225e-06, -1.5915115837295236e-08])

rms error for horner is 1.91e-13, max error is 6.95e-12
rms error for evaluate is 1.34e-14, max error is 6.27e-13


 ---------------  testing polynomial degree 6
polynomial is  -0.35320623 - 0.20751791·x + 0.03346977·x² - 0.00153797·x³ +
(3.01049646e-05)·x⁴ - (2.64753614e-07)·x⁵ + (8.60518201e-10)·x⁶
polynomial cooefficients are
array([-3.5320623154691050e-01, -2.0751790534733783e-01,
        3.3469772286282964e-02, -1.5379695331201818e-03,
        3.0104964574128458e-05, -2.6475361431042039e-07,
        8.6051820051197867e-10])

rms error for horner is 8.72e-12, max error is 4.75e-10
rms error for evaluate is 4.68e-14, max error is 2.39e-12


 ---------------  testing polynomial degree 7
polynomial is  0.28383085 - 0.12505491·x + 0.00662338·x² - 0.0002655·x³ +
(1.0134819e-05)·x⁴ - (2.22651494e-07)·x⁵ + (2.26363061e-09)·x⁶ -
(8.39886831e-12)·x⁷
polynomial cooefficients are
array([ 2.8383085068702524e-01, -1.2505491076733702e-01,
        6.6233834952415492e-03, -2.6550182906025352e-04,
        1.0134819014766160e-05, -2.2265149392670395e-07,
        2.2636306140506609e-09, -8.3988683124565475e-12])

rms error for horner is 4.56e-12, max error is 2.36e-10
rms error for evaluate is 4.14e-14, max error is 1.77e-12


 ---------------  testing polynomial degree 8
polynomial is  0.81168973 - 0.08213799·x - 0.0042732·x² - 0.00030644·x³ +
(4.61841944e-05)·x⁴ - (1.569792e-06)·x⁵ + (2.34343902e-08)·x⁶ -
(1.64202434e-10)·x⁷ + (4.42270008e-13)·x⁸
polynomial cooefficients are
array([ 8.1168973340453643e-01, -8.2137992751150288e-02,
       -4.2732047173673678e-03, -3.0644016448881948e-04,
        4.6184194445679214e-05, -1.5697920014281922e-06,
        2.3434390247123201e-08, -1.6420243436748800e-10,
        4.4227000845573339e-13])

rms error for horner is 8.34e-11, max error is 4.56e-09
rms error for evaluate is 3.27e-15, max error is 1.49e-13


 ---------------  testing polynomial degree 9
polynomial is  0.99910914 - 0.16557898·x + 0.04676868·x² - 0.00571013·x³ +
0.00030635·x⁴ - (8.6208351e-06)·x⁵ + (1.38461762e-07)·x⁶ -
(1.28537097e-09)·x⁷ + (6.44646625e-12)·x⁸ - (1.35582489e-14)·x⁹
polynomial cooefficients are
array([ 9.9910914018213559e-01, -1.6557898244814875e-01,
        4.6768675714610776e-02, -5.7101320789381092e-03,
        3.0635357339144835e-04, -8.6208350955614774e-06,
        1.3846176201562577e-07, -1.2853709683169243e-09,
        6.4464662499323723e-12, -1.3558248856789783e-14])

rms error for horner is 1.52e-10, max error is 8.13e-09
rms error for evaluate is 7.66e-14, max error is 4.18e-12


 ---------------  testing polynomial degree 10
polynomial is  -0.31284356 - 0.01338485·x - 0.03579417·x² + 0.00732155·x³ -
0.00056222·x⁴ + (2.22153003e-05)·x⁵ - (5.05235569e-07)·x⁶ +
(6.87952379e-09)·x⁷ - (5.54055791e-11)·x⁸ + (2.4337179e-13)·x⁹ -
(4.49253411e-16)·x¹⁰
polynomial cooefficients are
array([-3.1284355911721745e-01, -1.3384847186849300e-02,
       -3.5794173900613797e-02,  7.3215492225823789e-03,
       -5.6222471816190728e-04,  2.2215300321603564e-05,
       -5.0523556880037213e-07,  6.8795237878406144e-09,
       -5.5405579057898487e-11,  2.4337179034664895e-13,
       -4.4925341086242951e-16])

rms error for horner is 1.42e-09, max error is 7.39e-08
rms error for evaluate is 1.19e-14, max error is 5.95e-13


 ---------------  testing polynomial degree 11
polynomial is  0.22081829 - 0.95164384·x + 0.27712003·x² - 0.03085083·x³ +
0.00181393·x⁴ - (6.5673866e-05)·x⁵ + (1.5901257e-06)·x⁶ -
(2.66469224e-08)·x⁷ + (3.06626489e-10)·x⁸ - (2.30376167e-12)·x⁹ +
(1.01042295e-14)·x¹⁰ - (1.94840342e-17)·x¹¹
polynomial cooefficients are
array([ 2.2081829373122627e-01, -9.5164383595958513e-01,
        2.7712002779759626e-01, -3.0850826617979658e-02,
        1.8139349793870056e-03, -6.5673866008054486e-05,
        1.5901256950321125e-06, -2.6646922381694690e-08,
        3.0662648900208759e-10, -2.3037616711147359e-12,
        1.0104229479696222e-14, -1.9484034211680301e-17])

rms error for horner is 2.42e-09, max error is 7.40e-08
rms error for evaluate is 8.83e-15, max error is 2.88e-13


 ---------------  testing polynomial degree 12
polynomial is  -0.69973935 + 0.54438541·x - 0.14677458·x² + 0.02023373·x³ -
0.00154048·x⁴ + (6.9406636e-05)·x⁵ - (1.94727054e-06)·x⁶ +
(3.48780115e-08)·x⁷ - (3.96320047e-10)·x⁸ + (2.70944244e-12)·x⁹ -
(9.4367515e-15)·x¹⁰ + (6.22643442e-18)·x¹¹ + (3.58008835e-20)·x¹²
polynomial cooefficients are
array([-6.9973934576315300e-01,  5.4438541420608089e-01,
       -1.4677457613320791e-01,  2.0233727879748833e-02,
       -1.5404807127147168e-03,  6.9406636012595894e-05,
       -1.9472705356088154e-06,  3.4878011453499551e-08,
       -3.9632004738793252e-10,  2.7094424357062843e-12,
       -9.4367515004212185e-15,  6.2264344189939101e-18,
        3.5800883539816188e-20])

rms error for horner is 3.14e-09, max error is 9.91e-08
rms error for evaluate is 3.44e-14, max error is 1.76e-12


 ---------------  testing polynomial degree 13
polynomial is  0.60485696 + 0.17951325·x - 0.1431134·x² + 0.03940954·x³ - 0.00491761·x⁴ +
0.00033439·x⁵ - (1.38563999e-05)·x⁶ + (3.7319591e-07)·x⁷ -
(6.75908769e-09)·x⁸ + (8.32347992e-11)·x⁹ - (6.89105277e-13)·x¹⁰ +
(3.68024032e-15)·x¹¹ - (1.14850475e-17)·x¹² + (1.59590184e-20)·x¹³
polynomial cooefficients are
array([ 6.0485695814484652e-01,  1.7951324612998246e-01,
       -1.4311339867328657e-01,  3.9409542432751167e-02,
       -4.9176077395754227e-03,  3.3439215295808655e-04,
       -1.3856399869003715e-05,  3.7319590987273697e-07,
       -6.7590876923438075e-09,  8.3234799180750898e-11,
       -6.8910527672303991e-13,  3.6802403161577764e-15,
       -1.1485047478726920e-17,  1.5959018383248693e-20])

rms error for horner is 2.26e-08, max error is 6.94e-07
rms error for evaluate is 8.27e-14, max error is 3.28e-12


 ---------------  testing polynomial degree 14
polynomial is  0.87230072 - 2.49078888·x + 1.15401683·x² - 0.24259259·x³ +
0.02857771·x⁴ - 0.00209682·x⁵ + 0.00010194·x⁶ - (3.40975499e-06)·x⁷ +
(8.01322806e-08)·x⁸ - (1.3333505e-09)·x⁹ + (1.56171912e-11)·x¹⁰ -
(1.25860766e-13)·x¹¹ + (6.64082453e-16)·x¹² - (2.06456053e-18)·x¹³ +
(2.86631665e-21)·x¹⁴
polynomial cooefficients are
array([ 8.7230071941764675e-01, -2.4907888807286156e+00,
        1.1540168319912076e+00, -2.4259258576810330e-01,
        2.8577707319411616e-02, -2.0968160590426042e-03,
        1.0194385998397052e-04, -3.4097549858905116e-06,
        8.0132280627290991e-08, -1.3333505006969941e-09,
        1.5617191219808475e-11, -1.2586076648754260e-13,
        6.6408245282711122e-16, -2.0645605296730702e-18,
        2.8663166521572656e-21])

rms error for horner is 3.54e-07, max error is 1.60e-05
rms error for evaluate is 7.56e-14, max error is 4.00e-12

